<?xml version="1.0" encoding="UTF-8"?>
<robot generator="Robot 4.1 (Python 3.7.9 on darwin)" generated="20220407 00:55:05.561" rpa="false" schemaversion="2">
<suite id="s1" name="SwagLab" source="/Users/Balaram/eclipse-workspace/EarthlinkTestProject/TestCases/SwagLab.robot">
<kw name="Run Keywords" library="BuiltIn" type="SETUP">
<arg>Open My Browser</arg>
<arg>${browser}</arg>
<arg>AND</arg>
<arg>Set Selenium Speed</arg>
<arg>0.2s</arg>
<doc>Executes all the given keywords in a sequence.</doc>
<kw name="Open My Browser" library="SwagLabKeywords">
<arg>${browser}</arg>
<doc>Opens browser locally.</doc>
<kw name="Append To Environment Variable" library="OperatingSystem">
<arg>PATH</arg>
<arg>${EXECDIR}${/}Driver${/}</arg>
<doc>Appends given ``values`` to environment variable ``name``.</doc>
<msg timestamp="20220407 00:55:05.838" level="INFO">Environment variable 'PATH' set to value '/Users/Balaram/Library/Android/sdk/platform-tools:/Users/Balaram/Library/Android/sdk/build-tools:/Users/Balaram/Library/Android/sdk/emulator:/Library/Java/JavaVirtualMachines/jdk-11.0.10.jdk/Contents/Home/bin:/Library/Frameworks/Python.framework/Versions/3.7/bin:/Users/Balaram/Library/Android/sdk/tools/bin:/Users/Balaram/Library/Android/sdk/tools:/Users/Balaram/Library/Android/sdk/platform-tools:/Library/Java/JavaVirtualMachines/jdk-11.0.10.jdk/Contents/Home/bin:/Library/Frameworks/Python.framework/Versions/3.7/bin:/Users/Balaram/Library/Android/sdk/tools/bin:/Users/Balaram/Library/Android/sdk/tools:/Users/Balaram/Library/Android/sdk/platform-tools:/Library/Java/JavaVirtualMachines/jdk-11.0.10.jdk/Contents/Home/bin:/Library/Frameworks/Python.framework/Versions/3.7/bin:/Library/Java/JavaVirtualMachines/jdk-11.0.10.jdk/Contents/Home/bin:/Library/Frameworks/Python.framework/Versions/3.7/bin:/Library/Java/JavaVirtualMachines/jdk-11.0.10.jdk/Contents/Home/bin:/Library/Frameworks/Python.framework/Versions/3.7/bin:/Library/Java/JavaVirtualMachines/jdk-11.0.10.jdk/Contents/Home/bin:/Users/Balaram/.sdkman/candidates/gradle/current/bin:/Library/Frameworks/Python.framework/Versions/3.7/bin:/usr/local/bin:/usr/bin:/bin:/usr/sbin:/sbin:/opt/X11/bin:/Library/Apple/usr/bin:/Library/Frameworks/Mono.framework/Versions/Current/Commands:/Applications/Wireshark.app/Contents/MacOS:/Users/Balaram/Library/Android/sdk/emulator:/Users/Balaram/Library/Android/sdk/build-tools:/Users/Balaram/Library/Android/sdk/platform-tools:/Users/Balaram/eclipse-workspace/EarthlinkTestProject/Driver/'.</msg>
<status status="PASS" starttime="20220407 00:55:05.837" endtime="20220407 00:55:05.838"/>
</kw>
<kw name="Evaluate" library="BuiltIn">
<var>${chrome_options}</var>
<arg>sys.modules['selenium.webdriver'].ChromeOptions()</arg>
<arg>sys, selenium.webdriver</arg>
<doc>Evaluates the given expression in Python and returns the result.</doc>
<msg timestamp="20220407 00:55:05.838" level="INFO">${chrome_options} = &lt;selenium.webdriver.chrome.options.Options object at 0x7fa97fe29e50&gt;</msg>
<status status="PASS" starttime="20220407 00:55:05.838" endtime="20220407 00:55:05.838"/>
</kw>
<kw name="Call Method" library="BuiltIn">
<arg>${chrome_options}</arg>
<arg>add_argument</arg>
<arg>--ignore-certificate-errors</arg>
<doc>Calls the named method of the given object with the provided arguments.</doc>
<status status="PASS" starttime="20220407 00:55:05.838" endtime="20220407 00:55:05.838"/>
</kw>
<kw name="Call Method" library="BuiltIn">
<var>${options}</var>
<arg>${chrome_options}</arg>
<arg>to_capabilities</arg>
<doc>Calls the named method of the given object with the provided arguments.</doc>
<msg timestamp="20220407 00:55:05.839" level="INFO">${options} = {'browserName': 'chrome', 'version': '', 'platform': 'ANY', 'goog:chromeOptions': {'extensions': [], 'args': ['--ignore-certificate-errors']}}</msg>
<status status="PASS" starttime="20220407 00:55:05.839" endtime="20220407 00:55:05.839"/>
</kw>
<kw name="Open Browser" library="SeleniumLibrary">
<arg>browser=${browserName}</arg>
<arg>desired_capabilities=${options}</arg>
<doc>Opens a new browser instance to the optional ``url``.</doc>
<msg timestamp="20220407 00:55:05.839" level="INFO">Opening browser 'chrome' to base url 'None'.</msg>
<status status="PASS" starttime="20220407 00:55:05.839" endtime="20220407 00:55:08.491"/>
</kw>
<kw name="Maximize Browser Window" library="SeleniumLibrary">
<doc>Maximizes current browser window.</doc>
<status status="PASS" starttime="20220407 00:55:08.491" endtime="20220407 00:55:08.615"/>
</kw>
<status status="PASS" starttime="20220407 00:55:05.837" endtime="20220407 00:55:08.615"/>
</kw>
<kw name="Set Selenium Speed" library="SeleniumLibrary">
<arg>0.2s</arg>
<doc>Sets the delay that is waited after each Selenium command.</doc>
<status status="PASS" starttime="20220407 00:55:08.615" endtime="20220407 00:55:08.616"/>
</kw>
<status status="PASS" starttime="20220407 00:55:05.837" endtime="20220407 00:55:08.616"/>
</kw>
<test id="s1-t1" name="Login With Valid Username And Invalid Password">
<kw name="Go To" library="SeleniumLibrary">
<arg>${loginUrl}</arg>
<doc>Navigates the current browser window to the provided ``url``.</doc>
<msg timestamp="20220407 00:55:08.618" level="INFO">Opening url 'https://www.saucedemo.com'</msg>
<status status="PASS" starttime="20220407 00:55:08.617" endtime="20220407 00:55:10.406"/>
</kw>
<kw name="Wait Until Login Page Appears" library="SwagLabKeywords">
<kw name="Wait Until Element Is Visible" library="SeleniumLibrary">
<arg>class:login_wrapper-inner</arg>
<arg>${maxWait}</arg>
<arg>Login page did not appeared till ${maxWait} seconds.</arg>
<doc>Waits until the element ``locator`` is visible.</doc>
<status status="PASS" starttime="20220407 00:55:10.408" endtime="20220407 00:55:10.850"/>
</kw>
<status status="PASS" starttime="20220407 00:55:10.407" endtime="20220407 00:55:10.851"/>
</kw>
<kw name="Enter Username" library="SwagLabKeywords">
<arg>${standardUser}</arg>
<kw name="EL Input Text" library="SwagLabKeywords">
<arg>id:user-name</arg>
<arg>${name}</arg>
<doc>Waits for input textarea to be visible and inputs text in the textbox identified by locator.</doc>
<kw name="Wait Until Element Is Visible" library="SeleniumLibrary">
<arg>${locator}</arg>
<arg>10</arg>
<arg>Text input area with locator:${locator} is not visible.</arg>
<doc>Waits until the element ``locator`` is visible.</doc>
<status status="PASS" starttime="20220407 00:55:10.853" endtime="20220407 00:55:11.299"/>
</kw>
<kw name="Input Text" library="SeleniumLibrary">
<arg>${locator}</arg>
<arg>${text}</arg>
<doc>Types the given ``text`` into the text field identified by ``locator``.</doc>
<msg timestamp="20220407 00:55:11.301" level="INFO">Typing text 'standard_user' into text field 'id:user-name'.</msg>
<status status="PASS" starttime="20220407 00:55:11.300" endtime="20220407 00:55:12.132"/>
</kw>
<kw name="Sleep" library="BuiltIn">
<arg>1</arg>
<doc>Pauses the test executed for the given time.</doc>
<msg timestamp="20220407 00:55:13.134" level="INFO">Slept 1 second</msg>
<status status="PASS" starttime="20220407 00:55:12.132" endtime="20220407 00:55:13.134"/>
</kw>
<status status="PASS" starttime="20220407 00:55:10.852" endtime="20220407 00:55:13.135"/>
</kw>
<status status="PASS" starttime="20220407 00:55:10.851" endtime="20220407 00:55:13.135"/>
</kw>
<kw name="Enter Password" library="SwagLabKeywords">
<arg>random12312</arg>
<kw name="EL Input Text" library="SwagLabKeywords">
<arg>id:password</arg>
<arg>${pass}</arg>
<doc>Waits for input textarea to be visible and inputs text in the textbox identified by locator.</doc>
<kw name="Wait Until Element Is Visible" library="SeleniumLibrary">
<arg>${locator}</arg>
<arg>10</arg>
<arg>Text input area with locator:${locator} is not visible.</arg>
<doc>Waits until the element ``locator`` is visible.</doc>
<status status="PASS" starttime="20220407 00:55:13.138" endtime="20220407 00:55:13.577"/>
</kw>
<kw name="Input Text" library="SeleniumLibrary">
<arg>${locator}</arg>
<arg>${text}</arg>
<doc>Types the given ``text`` into the text field identified by ``locator``.</doc>
<msg timestamp="20220407 00:55:13.578" level="INFO">Typing text 'random12312' into text field 'id:password'.</msg>
<status status="PASS" starttime="20220407 00:55:13.578" endtime="20220407 00:55:14.301"/>
</kw>
<kw name="Sleep" library="BuiltIn">
<arg>1</arg>
<doc>Pauses the test executed for the given time.</doc>
<msg timestamp="20220407 00:55:15.304" level="INFO">Slept 1 second</msg>
<status status="PASS" starttime="20220407 00:55:14.302" endtime="20220407 00:55:15.305"/>
</kw>
<status status="PASS" starttime="20220407 00:55:13.137" endtime="20220407 00:55:15.305"/>
</kw>
<status status="PASS" starttime="20220407 00:55:13.136" endtime="20220407 00:55:15.306"/>
</kw>
<kw name="Click On Login Button" library="SwagLabKeywords">
<kw name="Wait And Click Element" library="SwagLabKeywords">
<arg>id:login-button</arg>
<doc>Waits for element to be visible and clicks the elememt.</doc>
<kw name="Wait Until Element Is Visible" library="SeleniumLibrary">
<arg>${locator}</arg>
<arg>10</arg>
<arg>Element with locator:${locator} is not visible.</arg>
<doc>Waits until the element ``locator`` is visible.</doc>
<status status="PASS" starttime="20220407 00:55:15.309" endtime="20220407 00:55:15.750"/>
</kw>
<kw name="Click Element" library="SeleniumLibrary">
<arg>${locator}</arg>
<doc>Click the element identified by ``locator``.</doc>
<msg timestamp="20220407 00:55:15.752" level="INFO">Clicking element 'id:login-button'.</msg>
<status status="PASS" starttime="20220407 00:55:15.750" endtime="20220407 00:55:16.244"/>
</kw>
<status status="PASS" starttime="20220407 00:55:15.308" endtime="20220407 00:55:16.245"/>
</kw>
<status status="PASS" starttime="20220407 00:55:15.306" endtime="20220407 00:55:16.245"/>
</kw>
<kw name="Verify Login Error Is Displayed" library="SwagLabKeywords">
<kw name="Wait Until Element Is Visible" library="SeleniumLibrary">
<arg>//h3[contains(normalize-space(),'Username and password do not match any user in this service')]</arg>
<arg>15</arg>
<arg>Login error should have been displayed for invalid login</arg>
<doc>Waits until the element ``locator`` is visible.</doc>
<status status="PASS" starttime="20220407 00:55:16.246" endtime="20220407 00:55:16.691"/>
</kw>
<status status="PASS" starttime="20220407 00:55:16.246" endtime="20220407 00:55:16.691"/>
</kw>
<status status="PASS" starttime="20220407 00:55:08.616" endtime="20220407 00:55:16.693"/>
</test>
<test id="s1-t2" name="Login With Standard User">
<kw name="Go To" library="SeleniumLibrary">
<arg>${loginUrl}</arg>
<doc>Navigates the current browser window to the provided ``url``.</doc>
<msg timestamp="20220407 00:55:16.698" level="INFO">Opening url 'https://www.saucedemo.com'</msg>
<status status="PASS" starttime="20220407 00:55:16.697" endtime="20220407 00:55:16.969"/>
</kw>
<kw name="Wait Until Login Page Appears" library="SwagLabKeywords">
<kw name="Wait Until Element Is Visible" library="SeleniumLibrary">
<arg>class:login_wrapper-inner</arg>
<arg>${maxWait}</arg>
<arg>Login page did not appeared till ${maxWait} seconds.</arg>
<doc>Waits until the element ``locator`` is visible.</doc>
<status status="PASS" starttime="20220407 00:55:16.971" endtime="20220407 00:55:17.400"/>
</kw>
<status status="PASS" starttime="20220407 00:55:16.970" endtime="20220407 00:55:17.400"/>
</kw>
<kw name="Enter Username" library="SwagLabKeywords">
<arg>${standardUser}</arg>
<kw name="EL Input Text" library="SwagLabKeywords">
<arg>id:user-name</arg>
<arg>${name}</arg>
<doc>Waits for input textarea to be visible and inputs text in the textbox identified by locator.</doc>
<kw name="Wait Until Element Is Visible" library="SeleniumLibrary">
<arg>${locator}</arg>
<arg>10</arg>
<arg>Text input area with locator:${locator} is not visible.</arg>
<doc>Waits until the element ``locator`` is visible.</doc>
<status status="PASS" starttime="20220407 00:55:17.401" endtime="20220407 00:55:17.819"/>
</kw>
<kw name="Input Text" library="SeleniumLibrary">
<arg>${locator}</arg>
<arg>${text}</arg>
<doc>Types the given ``text`` into the text field identified by ``locator``.</doc>
<msg timestamp="20220407 00:55:17.820" level="INFO">Typing text 'standard_user' into text field 'id:user-name'.</msg>
<status status="PASS" starttime="20220407 00:55:17.819" endtime="20220407 00:55:18.551"/>
</kw>
<kw name="Sleep" library="BuiltIn">
<arg>1</arg>
<doc>Pauses the test executed for the given time.</doc>
<msg timestamp="20220407 00:55:19.552" level="INFO">Slept 1 second</msg>
<status status="PASS" starttime="20220407 00:55:18.551" endtime="20220407 00:55:19.553"/>
</kw>
<status status="PASS" starttime="20220407 00:55:17.401" endtime="20220407 00:55:19.553"/>
</kw>
<status status="PASS" starttime="20220407 00:55:17.400" endtime="20220407 00:55:19.554"/>
</kw>
<kw name="Enter Password" library="SwagLabKeywords">
<arg>${password}</arg>
<kw name="EL Input Text" library="SwagLabKeywords">
<arg>id:password</arg>
<arg>${pass}</arg>
<doc>Waits for input textarea to be visible and inputs text in the textbox identified by locator.</doc>
<kw name="Wait Until Element Is Visible" library="SeleniumLibrary">
<arg>${locator}</arg>
<arg>10</arg>
<arg>Text input area with locator:${locator} is not visible.</arg>
<doc>Waits until the element ``locator`` is visible.</doc>
<status status="PASS" starttime="20220407 00:55:19.557" endtime="20220407 00:55:19.990"/>
</kw>
<kw name="Input Text" library="SeleniumLibrary">
<arg>${locator}</arg>
<arg>${text}</arg>
<doc>Types the given ``text`` into the text field identified by ``locator``.</doc>
<msg timestamp="20220407 00:55:19.992" level="INFO">Typing text 'secret_sauce' into text field 'id:password'.</msg>
<status status="PASS" starttime="20220407 00:55:19.991" endtime="20220407 00:55:20.725"/>
</kw>
<kw name="Sleep" library="BuiltIn">
<arg>1</arg>
<doc>Pauses the test executed for the given time.</doc>
<msg timestamp="20220407 00:55:21.727" level="INFO">Slept 1 second</msg>
<status status="PASS" starttime="20220407 00:55:20.725" endtime="20220407 00:55:21.727"/>
</kw>
<status status="PASS" starttime="20220407 00:55:19.556" endtime="20220407 00:55:21.728"/>
</kw>
<status status="PASS" starttime="20220407 00:55:19.554" endtime="20220407 00:55:21.728"/>
</kw>
<kw name="Click On Login Button" library="SwagLabKeywords">
<kw name="Wait And Click Element" library="SwagLabKeywords">
<arg>id:login-button</arg>
<doc>Waits for element to be visible and clicks the elememt.</doc>
<kw name="Wait Until Element Is Visible" library="SeleniumLibrary">
<arg>${locator}</arg>
<arg>10</arg>
<arg>Element with locator:${locator} is not visible.</arg>
<doc>Waits until the element ``locator`` is visible.</doc>
<status status="PASS" starttime="20220407 00:55:21.731" endtime="20220407 00:55:22.167"/>
</kw>
<kw name="Click Element" library="SeleniumLibrary">
<arg>${locator}</arg>
<doc>Click the element identified by ``locator``.</doc>
<msg timestamp="20220407 00:55:22.168" level="INFO">Clicking element 'id:login-button'.</msg>
<status status="PASS" starttime="20220407 00:55:22.168" endtime="20220407 00:55:22.690"/>
</kw>
<status status="PASS" starttime="20220407 00:55:21.730" endtime="20220407 00:55:22.691"/>
</kw>
<status status="PASS" starttime="20220407 00:55:21.729" endtime="20220407 00:55:22.692"/>
</kw>
<kw name="Verify Login Is Successful" library="SwagLabKeywords">
<kw name="Wait Until Element Is Visible" library="SeleniumLibrary">
<arg>class:header_secondary_container</arg>
<arg>${maxWait}</arg>
<arg>Login is not successful till ${maxWait} seconds.</arg>
<doc>Waits until the element ``locator`` is visible.</doc>
<status status="PASS" starttime="20220407 00:55:22.694" endtime="20220407 00:55:23.136"/>
</kw>
<status status="PASS" starttime="20220407 00:55:22.692" endtime="20220407 00:55:23.137"/>
</kw>
<status status="PASS" starttime="20220407 00:55:16.695" endtime="20220407 00:55:23.137"/>
</test>
<test id="s1-t3" name="Add Items To The Cart">
<kw name="Open Cart" library="SwagLabKeywords">
<kw name="Wait And Click Element" library="SwagLabKeywords">
<arg>class:shopping_cart_link</arg>
<doc>Waits for element to be visible and clicks the elememt.</doc>
<kw name="Wait Until Element Is Visible" library="SeleniumLibrary">
<arg>${locator}</arg>
<arg>10</arg>
<arg>Element with locator:${locator} is not visible.</arg>
<doc>Waits until the element ``locator`` is visible.</doc>
<status status="PASS" starttime="20220407 00:55:23.143" endtime="20220407 00:55:23.585"/>
</kw>
<kw name="Click Element" library="SeleniumLibrary">
<arg>${locator}</arg>
<doc>Click the element identified by ``locator``.</doc>
<msg timestamp="20220407 00:55:23.588" level="INFO">Clicking element 'class:shopping_cart_link'.</msg>
<status status="PASS" starttime="20220407 00:55:23.586" endtime="20220407 00:55:24.031"/>
</kw>
<status status="PASS" starttime="20220407 00:55:23.142" endtime="20220407 00:55:24.031"/>
</kw>
<kw name="Wait Until Element Is Visible" library="SeleniumLibrary">
<arg>//span[text()='Your Cart']</arg>
<arg>15</arg>
<arg>Cart is not opened</arg>
<doc>Waits until the element ``locator`` is visible.</doc>
<status status="PASS" starttime="20220407 00:55:24.032" endtime="20220407 00:55:24.473"/>
</kw>
<status status="PASS" starttime="20220407 00:55:23.141" endtime="20220407 00:55:24.474"/>
</kw>
<kw name="Remove Product If Exists In Cart" library="SwagLabKeywords">
<arg>${product}</arg>
<doc>Removes a product from cart if exists</doc>
<kw name="Run Keyword And Return Status" library="BuiltIn">
<var>${status}</var>
<arg>Verify Products Exists In Cart</arg>
<arg>${product}</arg>
<doc>Runs the given keyword with given arguments and returns the status as a Boolean value.</doc>
<kw name="Verify Products Exists In Cart" library="SwagLabKeywords">
<arg>${product}</arg>
<doc>Verifies added product exists in the cart.</doc>
<kw name="Wait Until Element Is Visible" library="SeleniumLibrary">
<arg>//div[@class='cart_item_label' and .//*[contains(text(),'${product}')]]</arg>
<arg>5</arg>
<arg>Product:${product} is not found in the cart.</arg>
<doc>Waits until the element ``locator`` is visible.</doc>
<kw name="Capture Page Screenshot" library="SeleniumLibrary">
<doc>Takes a screenshot of the current page and embeds it into a log file.</doc>
<msg timestamp="20220407 00:55:29.950" level="INFO" html="true">&lt;/td&gt;&lt;/tr&gt;&lt;tr&gt;&lt;td colspan="3"&gt;&lt;a href="selenium-screenshot-1.png"&gt;&lt;img src="selenium-screenshot-1.png" width="800px"&gt;&lt;/a&gt;</msg>
<status status="PASS" starttime="20220407 00:55:29.503" endtime="20220407 00:55:29.950"/>
</kw>
<msg timestamp="20220407 00:55:29.960" level="FAIL">Product:Sauce Labs Backpack is not found in the cart.</msg>
<status status="FAIL" starttime="20220407 00:55:24.479" endtime="20220407 00:55:29.960"/>
</kw>
<status status="FAIL" starttime="20220407 00:55:24.478" endtime="20220407 00:55:29.962"/>
</kw>
<msg timestamp="20220407 00:55:29.962" level="INFO">${status} = False</msg>
<status status="PASS" starttime="20220407 00:55:24.477" endtime="20220407 00:55:29.962"/>
</kw>
<kw name="Return From Keyword If" library="BuiltIn">
<arg>${status}</arg>
<arg>Remove A Product From Cart</arg>
<arg>${product}</arg>
<doc>Returns from the enclosing user keyword if ``condition`` is true.</doc>
<status status="PASS" starttime="20220407 00:55:29.963" endtime="20220407 00:55:29.963"/>
</kw>
<status status="PASS" starttime="20220407 00:55:24.475" endtime="20220407 00:55:29.963"/>
</kw>
<kw name="Go To Products Page" library="SwagLabKeywords">
<kw name="Go To" library="SeleniumLibrary">
<arg>${productPage}</arg>
<doc>Navigates the current browser window to the provided ``url``.</doc>
<msg timestamp="20220407 00:55:29.965" level="INFO">Opening url 'https://www.saucedemo.com/inventory.html'</msg>
<status status="PASS" starttime="20220407 00:55:29.964" endtime="20220407 00:55:30.353"/>
</kw>
<status status="PASS" starttime="20220407 00:55:29.964" endtime="20220407 00:55:30.354"/>
</kw>
<kw name="Add A Product To Cart" library="SwagLabKeywords">
<arg>${product}</arg>
<doc>Adds a product into cart</doc>
<kw name="Wait Until Element Is Visible" library="SeleniumLibrary">
<arg>//div[@class='inventory_item_description' and .//div[contains(text(),'${product}')]]</arg>
<arg>15</arg>
<arg>There is no product with name:${product}</arg>
<doc>Waits until the element ``locator`` is visible.</doc>
<status status="PASS" starttime="20220407 00:55:30.356" endtime="20220407 00:55:30.800"/>
</kw>
<kw name="Wait And Click Element" library="SwagLabKeywords">
<arg>//div[@class='inventory_item_description' and .//div[contains(text(),'${product}')]]//button[contains(@id,'add-to-cart')]</arg>
<doc>Waits for element to be visible and clicks the elememt.</doc>
<kw name="Wait Until Element Is Visible" library="SeleniumLibrary">
<arg>${locator}</arg>
<arg>10</arg>
<arg>Element with locator:${locator} is not visible.</arg>
<doc>Waits until the element ``locator`` is visible.</doc>
<status status="PASS" starttime="20220407 00:55:30.802" endtime="20220407 00:55:31.248"/>
</kw>
<kw name="Click Element" library="SeleniumLibrary">
<arg>${locator}</arg>
<doc>Click the element identified by ``locator``.</doc>
<msg timestamp="20220407 00:55:31.250" level="INFO">Clicking element '//div[@class='inventory_item_description' and .//div[contains(text(),'Sauce Labs Backpack')]]//button[contains(@id,'add-to-cart')]'.</msg>
<status status="PASS" starttime="20220407 00:55:31.249" endtime="20220407 00:55:31.716"/>
</kw>
<status status="PASS" starttime="20220407 00:55:30.800" endtime="20220407 00:55:31.717"/>
</kw>
<status status="PASS" starttime="20220407 00:55:30.355" endtime="20220407 00:55:31.717"/>
</kw>
<kw name="Open Cart" library="SwagLabKeywords">
<kw name="Wait And Click Element" library="SwagLabKeywords">
<arg>class:shopping_cart_link</arg>
<doc>Waits for element to be visible and clicks the elememt.</doc>
<kw name="Wait Until Element Is Visible" library="SeleniumLibrary">
<arg>${locator}</arg>
<arg>10</arg>
<arg>Element with locator:${locator} is not visible.</arg>
<doc>Waits until the element ``locator`` is visible.</doc>
<status status="PASS" starttime="20220407 00:55:31.720" endtime="20220407 00:55:32.154"/>
</kw>
<kw name="Click Element" library="SeleniumLibrary">
<arg>${locator}</arg>
<doc>Click the element identified by ``locator``.</doc>
<msg timestamp="20220407 00:55:32.156" level="INFO">Clicking element 'class:shopping_cart_link'.</msg>
<status status="PASS" starttime="20220407 00:55:32.155" endtime="20220407 00:55:32.623"/>
</kw>
<status status="PASS" starttime="20220407 00:55:31.719" endtime="20220407 00:55:32.624"/>
</kw>
<kw name="Wait Until Element Is Visible" library="SeleniumLibrary">
<arg>//span[text()='Your Cart']</arg>
<arg>15</arg>
<arg>Cart is not opened</arg>
<doc>Waits until the element ``locator`` is visible.</doc>
<status status="PASS" starttime="20220407 00:55:32.624" endtime="20220407 00:55:33.060"/>
</kw>
<status status="PASS" starttime="20220407 00:55:31.718" endtime="20220407 00:55:33.060"/>
</kw>
<kw name="Verify Products Exists In Cart" library="SwagLabKeywords">
<arg>${product}</arg>
<doc>Verifies added product exists in the cart.</doc>
<kw name="Wait Until Element Is Visible" library="SeleniumLibrary">
<arg>//div[@class='cart_item_label' and .//*[contains(text(),'${product}')]]</arg>
<arg>5</arg>
<arg>Product:${product} is not found in the cart.</arg>
<doc>Waits until the element ``locator`` is visible.</doc>
<status status="PASS" starttime="20220407 00:55:33.063" endtime="20220407 00:55:33.493"/>
</kw>
<status status="PASS" starttime="20220407 00:55:33.061" endtime="20220407 00:55:33.494"/>
</kw>
<kw name="Set Suite Variable" library="BuiltIn">
<arg>${itemNotAdded}</arg>
<arg>${FALSE}</arg>
<doc>Makes a variable available everywhere within the scope of the current suite.</doc>
<msg timestamp="20220407 00:55:33.496" level="INFO">${itemNotAdded} = False</msg>
<status status="PASS" starttime="20220407 00:55:33.494" endtime="20220407 00:55:33.496"/>
</kw>
<status status="PASS" starttime="20220407 00:55:23.139" endtime="20220407 00:55:33.496"/>
</test>
<test id="s1-t4" name="Checkout Cart">
<kw name="Skip If" library="BuiltIn">
<arg>${itemNotAdded}</arg>
<arg>Product is not added in the cart. Hence skipping the test case.</arg>
<doc>Skips the rest of the current test if the ``condition`` is True.</doc>
<status status="PASS" starttime="20220407 00:55:33.499" endtime="20220407 00:55:33.500"/>
</kw>
<kw name="Proceed Checkout" library="SwagLabKeywords">
<kw name="Click Element" library="SeleniumLibrary">
<arg>id:checkout</arg>
<doc>Click the element identified by ``locator``.</doc>
<msg timestamp="20220407 00:55:33.502" level="INFO">Clicking element 'id:checkout'.</msg>
<status status="PASS" starttime="20220407 00:55:33.501" endtime="20220407 00:55:33.969"/>
</kw>
<kw name="Wait Until Element Is Visible" library="SeleniumLibrary">
<arg>//span[text()='Checkout: Your Information']</arg>
<arg>10</arg>
<arg>Information filling step in checkout is not visible.</arg>
<doc>Waits until the element ``locator`` is visible.</doc>
<status status="PASS" starttime="20220407 00:55:33.969" endtime="20220407 00:55:34.407"/>
</kw>
<status status="PASS" starttime="20220407 00:55:33.500" endtime="20220407 00:55:34.408"/>
</kw>
<kw name="Fill Information And Continue Checkout" library="SwagLabKeywords">
<arg>${firstName}</arg>
<arg>${lastName}</arg>
<arg>${zip}</arg>
<kw name="EL Input Text" library="SwagLabKeywords">
<arg>id:first-name</arg>
<arg>${firstName}</arg>
<doc>Waits for input textarea to be visible and inputs text in the textbox identified by locator.</doc>
<kw name="Wait Until Element Is Visible" library="SeleniumLibrary">
<arg>${locator}</arg>
<arg>10</arg>
<arg>Text input area with locator:${locator} is not visible.</arg>
<doc>Waits until the element ``locator`` is visible.</doc>
<status status="PASS" starttime="20220407 00:55:34.411" endtime="20220407 00:55:34.856"/>
</kw>
<kw name="Input Text" library="SeleniumLibrary">
<arg>${locator}</arg>
<arg>${text}</arg>
<doc>Types the given ``text`` into the text field identified by ``locator``.</doc>
<msg timestamp="20220407 00:55:34.858" level="INFO">Typing text 'automation' into text field 'id:first-name'.</msg>
<status status="PASS" starttime="20220407 00:55:34.857" endtime="20220407 00:55:35.637"/>
</kw>
<kw name="Sleep" library="BuiltIn">
<arg>1</arg>
<doc>Pauses the test executed for the given time.</doc>
<msg timestamp="20220407 00:55:36.641" level="INFO">Slept 1 second</msg>
<status status="PASS" starttime="20220407 00:55:35.638" endtime="20220407 00:55:36.641"/>
</kw>
<status status="PASS" starttime="20220407 00:55:34.410" endtime="20220407 00:55:36.642"/>
</kw>
<kw name="EL Input Text" library="SwagLabKeywords">
<arg>id:last-name</arg>
<arg>${lastName}</arg>
<doc>Waits for input textarea to be visible and inputs text in the textbox identified by locator.</doc>
<kw name="Wait Until Element Is Visible" library="SeleniumLibrary">
<arg>${locator}</arg>
<arg>10</arg>
<arg>Text input area with locator:${locator} is not visible.</arg>
<doc>Waits until the element ``locator`` is visible.</doc>
<status status="PASS" starttime="20220407 00:55:36.644" endtime="20220407 00:55:37.081"/>
</kw>
<kw name="Input Text" library="SeleniumLibrary">
<arg>${locator}</arg>
<arg>${text}</arg>
<doc>Types the given ``text`` into the text field identified by ``locator``.</doc>
<msg timestamp="20220407 00:55:37.083" level="INFO">Typing text 'test' into text field 'id:last-name'.</msg>
<status status="PASS" starttime="20220407 00:55:37.082" endtime="20220407 00:55:37.794"/>
</kw>
<kw name="Sleep" library="BuiltIn">
<arg>1</arg>
<doc>Pauses the test executed for the given time.</doc>
<msg timestamp="20220407 00:55:38.796" level="INFO">Slept 1 second</msg>
<status status="PASS" starttime="20220407 00:55:37.795" endtime="20220407 00:55:38.796"/>
</kw>
<status status="PASS" starttime="20220407 00:55:36.642" endtime="20220407 00:55:38.797"/>
</kw>
<kw name="EL Input Text" library="SwagLabKeywords">
<arg>id:postal-code</arg>
<arg>${zip}</arg>
<doc>Waits for input textarea to be visible and inputs text in the textbox identified by locator.</doc>
<kw name="Wait Until Element Is Visible" library="SeleniumLibrary">
<arg>${locator}</arg>
<arg>10</arg>
<arg>Text input area with locator:${locator} is not visible.</arg>
<doc>Waits until the element ``locator`` is visible.</doc>
<status status="PASS" starttime="20220407 00:55:38.799" endtime="20220407 00:55:39.244"/>
</kw>
<kw name="Input Text" library="SeleniumLibrary">
<arg>${locator}</arg>
<arg>${text}</arg>
<doc>Types the given ``text`` into the text field identified by ``locator``.</doc>
<msg timestamp="20220407 00:55:39.246" level="INFO">Typing text '0123' into text field 'id:postal-code'.</msg>
<status status="PASS" starttime="20220407 00:55:39.245" endtime="20220407 00:55:39.959"/>
</kw>
<kw name="Sleep" library="BuiltIn">
<arg>1</arg>
<doc>Pauses the test executed for the given time.</doc>
<msg timestamp="20220407 00:55:40.961" level="INFO">Slept 1 second</msg>
<status status="PASS" starttime="20220407 00:55:39.959" endtime="20220407 00:55:40.962"/>
</kw>
<status status="PASS" starttime="20220407 00:55:38.797" endtime="20220407 00:55:40.962"/>
</kw>
<kw name="Click Element" library="SeleniumLibrary">
<arg>id:continue</arg>
<doc>Click the element identified by ``locator``.</doc>
<msg timestamp="20220407 00:55:40.963" level="INFO">Clicking element 'id:continue'.</msg>
<status status="PASS" starttime="20220407 00:55:40.962" endtime="20220407 00:55:41.434"/>
</kw>
<status status="PASS" starttime="20220407 00:55:34.408" endtime="20220407 00:55:41.435"/>
</kw>
<kw name="Check Checkout Overview" library="SwagLabKeywords">
<arg>${product}</arg>
<kw name="Wait Until Element Is Visible" library="SeleniumLibrary">
<arg>//span[text()='Checkout: Overview']</arg>
<arg>10</arg>
<arg>Checkout overview page is not opened.</arg>
<doc>Waits until the element ``locator`` is visible.</doc>
<status status="PASS" starttime="20220407 00:55:41.437" endtime="20220407 00:55:41.874"/>
</kw>
<kw name="Element Should Be Visible" library="SeleniumLibrary">
<arg>//div[text()='${productName}']</arg>
<arg>The product:${productName} should be seen in the overview.</arg>
<doc>Verifies that the element identified by ``locator`` is visible.</doc>
<msg timestamp="20220407 00:55:42.319" level="INFO">Element '//div[text()='Sauce Labs Backpack']' is displayed.</msg>
<status status="PASS" starttime="20220407 00:55:41.875" endtime="20220407 00:55:42.320"/>
</kw>
<kw name="Element Should Be Visible" library="SeleniumLibrary">
<arg>//div[@class='summary_total_label'][contains(text(),'Total:')]</arg>
<arg>Total Amount should be displayed.</arg>
<doc>Verifies that the element identified by ``locator`` is visible.</doc>
<msg timestamp="20220407 00:55:42.760" level="INFO">Element '//div[@class='summary_total_label'][contains(text(),'Total:')]' is displayed.</msg>
<status status="PASS" starttime="20220407 00:55:42.320" endtime="20220407 00:55:42.760"/>
</kw>
<status status="PASS" starttime="20220407 00:55:41.435" endtime="20220407 00:55:42.761"/>
</kw>
<kw name="Finish Checkout" library="SwagLabKeywords">
<kw name="Click Element" library="SeleniumLibrary">
<arg>id:finish</arg>
<doc>Click the element identified by ``locator``.</doc>
<msg timestamp="20220407 00:55:42.762" level="INFO">Clicking element 'id:finish'.</msg>
<status status="PASS" starttime="20220407 00:55:42.762" endtime="20220407 00:55:43.234"/>
</kw>
<status status="PASS" starttime="20220407 00:55:42.761" endtime="20220407 00:55:43.234"/>
</kw>
<kw name="Verify Checkout Is Completed" library="SwagLabKeywords">
<kw name="Wait Until Element Is Visible" library="SeleniumLibrary">
<arg>//span[text()='Checkout: Complete!']</arg>
<arg>10</arg>
<arg>Checkout complete step should appear.</arg>
<doc>Waits until the element ``locator`` is visible.</doc>
<status status="PASS" starttime="20220407 00:55:43.235" endtime="20220407 00:55:43.665"/>
</kw>
<status status="PASS" starttime="20220407 00:55:43.235" endtime="20220407 00:55:43.666"/>
</kw>
<kw name="Click On Back Home" library="SwagLabKeywords">
<kw name="Click Element" library="SeleniumLibrary">
<arg>id:back-to-products</arg>
<doc>Click the element identified by ``locator``.</doc>
<msg timestamp="20220407 00:55:43.668" level="INFO">Clicking element 'id:back-to-products'.</msg>
<status status="PASS" starttime="20220407 00:55:43.667" endtime="20220407 00:55:44.141"/>
</kw>
<kw name="Wait Until Element Is Visible" library="SeleniumLibrary">
<arg>//span[text()='Products']</arg>
<arg>10</arg>
<arg>Products page should be opened.</arg>
<doc>Waits until the element ``locator`` is visible.</doc>
<status status="PASS" starttime="20220407 00:55:44.141" endtime="20220407 00:55:44.582"/>
</kw>
<status status="PASS" starttime="20220407 00:55:43.666" endtime="20220407 00:55:44.583"/>
</kw>
<status status="PASS" starttime="20220407 00:55:33.497" endtime="20220407 00:55:44.584"/>
</test>
<test id="s1-t5" name="Logout From Application">
<kw name="Expand Left Menu" library="SwagLabKeywords">
<kw name="Click Element" library="SeleniumLibrary">
<arg>id:react-burger-menu-btn</arg>
<doc>Click the element identified by ``locator``.</doc>
<msg timestamp="20220407 00:55:44.588" level="INFO">Clicking element 'id:react-burger-menu-btn'.</msg>
<status status="PASS" starttime="20220407 00:55:44.588" endtime="20220407 00:55:45.056"/>
</kw>
<kw name="Wait Until Element Is Visible" library="SeleniumLibrary">
<arg>class:bm-item-list</arg>
<arg>15</arg>
<arg>Left menu is not expanded.</arg>
<doc>Waits until the element ``locator`` is visible.</doc>
<status status="PASS" starttime="20220407 00:55:45.057" endtime="20220407 00:55:45.500"/>
</kw>
<kw name="Sleep" library="BuiltIn">
<arg>2.0</arg>
<doc>Pauses the test executed for the given time.</doc>
<msg timestamp="20220407 00:55:47.501" level="INFO">Slept 2 seconds</msg>
<status status="PASS" starttime="20220407 00:55:45.501" endtime="20220407 00:55:47.502"/>
</kw>
<status status="PASS" starttime="20220407 00:55:44.587" endtime="20220407 00:55:47.502"/>
</kw>
<kw name="Click On Logout" library="SwagLabKeywords">
<kw name="Click Element" library="SeleniumLibrary">
<arg>id:logout_sidebar_link</arg>
<doc>Click the element identified by ``locator``.</doc>
<msg timestamp="20220407 00:55:47.503" level="INFO">Clicking element 'id:logout_sidebar_link'.</msg>
<status status="PASS" starttime="20220407 00:55:47.503" endtime="20220407 00:55:47.963"/>
</kw>
<status status="PASS" starttime="20220407 00:55:47.502" endtime="20220407 00:55:47.964"/>
</kw>
<kw name="Wait Until Login Page Appears" library="SwagLabKeywords">
<kw name="Wait Until Element Is Visible" library="SeleniumLibrary">
<arg>class:login_wrapper-inner</arg>
<arg>${maxWait}</arg>
<arg>Login page did not appeared till ${maxWait} seconds.</arg>
<doc>Waits until the element ``locator`` is visible.</doc>
<status status="PASS" starttime="20220407 00:55:47.966" endtime="20220407 00:55:48.409"/>
</kw>
<status status="PASS" starttime="20220407 00:55:47.965" endtime="20220407 00:55:48.410"/>
</kw>
<status status="PASS" starttime="20220407 00:55:44.586" endtime="20220407 00:55:48.410"/>
</test>
<kw name="Close Browser" library="SeleniumLibrary" type="TEARDOWN">
<doc>Closes the current browser.</doc>
<status status="PASS" starttime="20220407 00:55:48.413" endtime="20220407 00:55:48.682"/>
</kw>
<status status="PASS" starttime="20220407 00:55:05.563" endtime="20220407 00:55:48.682"/>
</suite>
<statistics>
<total>
<stat pass="5" fail="0" skip="0">All Tests</stat>
</total>
<tag>
</tag>
<suite>
<stat pass="5" fail="0" skip="0" id="s1" name="SwagLab">SwagLab</stat>
</suite>
</statistics>
<errors>
</errors>
</robot>
