<?xml version="1.0" encoding="UTF-8"?>
<robot generator="Robot 4.1 (Python 3.7.9 on darwin)" generated="20220407 01:20:21.474" rpa="false" schemaversion="2">
<suite id="s1" name="GmailLogin" source="/Users/Balaram/eclipse-workspace/EarthlinkTestProject/TestCases/GmailLogin.robot">
<test id="s1-t1" name="Open Gmail And Setup Account">
<kw name="Open Gmail Application" library="GmailKeywords">
<arg>${gmailSetupActivity}</arg>
<doc>Keyword to open gmail application with given app activity.</doc>
<kw name="Open Application" library="AppiumLibrary">
<arg>http://0.0.0.0:4723/wd/hub</arg>
<arg>platformName=Android</arg>
<arg>platformVersion=11</arg>
<arg>deviceName=emulator-5554</arg>
<arg>appPackage=com.google.android.gm</arg>
<arg>appActivity=${appActivity}</arg>
<doc>Opens a new application to given Appium server.
Capabilities of appium server, Android and iOS,
Please check https://github.com/appium/appium/blob/master/docs/en/writing-running-appium/server-args.md
| *Option*            | *Man.* | *Description*     |
| remote_url          | Yes    | Appium server url |
| alias               | no     | alias             |</doc>
<status status="PASS" starttime="20220407 01:20:21.740" endtime="20220407 01:20:32.824"/>
</kw>
<status status="PASS" starttime="20220407 01:20:21.738" endtime="20220407 01:20:32.824"/>
</kw>
<kw name="Choose Google" library="GmailKeywords">
<kw name="Click Text" library="AppiumLibrary">
<arg>Google</arg>
<doc>Click text identified by ``text``.</doc>
<status status="PASS" starttime="20220407 01:20:32.826" endtime="20220407 01:20:34.762"/>
</kw>
<status status="PASS" starttime="20220407 01:20:32.825" endtime="20220407 01:20:34.762"/>
</kw>
<kw name="Wait Until Login Form Appears" library="GmailKeywords">
<doc>Waits for login form to appear</doc>
<kw name="Wait Until Element Is Visible" library="AppiumLibrary">
<arg>//*[@resource-id='headingText']</arg>
<arg>15</arg>
<arg>Sign In form not appeared.</arg>
<doc>Waits until element specified with `locator` is visible.</doc>
<status status="PASS" starttime="20220407 01:20:34.763" endtime="20220407 01:20:42.158"/>
</kw>
<status status="PASS" starttime="20220407 01:20:34.763" endtime="20220407 01:20:42.159"/>
</kw>
<kw name="Input Email" library="GmailKeywords">
<arg>${email}</arg>
<kw name="GM Input Text" library="GmailKeywords">
<arg>${emailLocator}</arg>
<arg>${email}</arg>
<doc>Extends build in keyword click element</doc>
<kw name="Wait Until Element Is Visible" library="AppiumLibrary">
<arg>${emailLocator}</arg>
<arg>5</arg>
<arg>Textbox with locator:${locator} is not visible</arg>
<doc>Waits until element specified with `locator` is visible.</doc>
<status status="PASS" starttime="20220407 01:20:42.160" endtime="20220407 01:20:43.499"/>
</kw>
<kw name="Input Text" library="AppiumLibrary">
<arg>${locator}</arg>
<arg>${text}</arg>
<doc>Types the given `text` into text field identified by `locator`.</doc>
<msg timestamp="20220407 01:20:43.504" level="INFO">Typing text 'jd602821@gmail.com' into text field '//android.widget.EditText'</msg>
<status status="PASS" starttime="20220407 01:20:43.500" endtime="20220407 01:20:43.574"/>
</kw>
<status status="PASS" starttime="20220407 01:20:42.160" endtime="20220407 01:20:43.574"/>
</kw>
<status status="PASS" starttime="20220407 01:20:42.159" endtime="20220407 01:20:43.574"/>
</kw>
<kw name="Click Next Button" library="GmailKeywords">
<kw name="Click Button" library="AppiumLibrary">
<arg>Next</arg>
<doc>Click button</doc>
<msg timestamp="20220407 01:20:44.127" level="INFO">'Learn more about Google Accounts'.</msg>
<msg timestamp="20220407 01:20:44.162" level="INFO">'Forgot email?'.</msg>
<msg timestamp="20220407 01:20:44.192" level="INFO">'Next'.</msg>
<msg timestamp="20220407 01:20:44.219" level="INFO">Clicking element 'Next'.</msg>
<status status="PASS" starttime="20220407 01:20:43.575" endtime="20220407 01:20:44.271"/>
</kw>
<status status="PASS" starttime="20220407 01:20:43.575" endtime="20220407 01:20:44.271"/>
</kw>
<kw name="Input Password" library="GmailKeywords">
<arg>${pass}</arg>
<kw name="Sleep" library="BuiltIn">
<arg>1.0</arg>
<doc>Pauses the test executed for the given time.</doc>
<msg timestamp="20220407 01:20:45.272" level="INFO">Slept 1 second</msg>
<status status="PASS" starttime="20220407 01:20:44.272" endtime="20220407 01:20:45.273"/>
</kw>
<kw name="GM Input Text" library="GmailKeywords">
<arg>${passwordLocator}</arg>
<arg>${pass}</arg>
<doc>Extends build in keyword click element</doc>
<kw name="Wait Until Element Is Visible" library="AppiumLibrary">
<arg>${emailLocator}</arg>
<arg>5</arg>
<arg>Textbox with locator:${locator} is not visible</arg>
<doc>Waits until element specified with `locator` is visible.</doc>
<status status="PASS" starttime="20220407 01:20:45.274" endtime="20220407 01:20:49.614"/>
</kw>
<kw name="Input Text" library="AppiumLibrary">
<arg>${locator}</arg>
<arg>${text}</arg>
<doc>Types the given `text` into text field identified by `locator`.</doc>
<msg timestamp="20220407 01:20:49.618" level="INFO">Typing text 'CreatedForCourseraTest' into text field '//android.widget.EditText'</msg>
<status status="PASS" starttime="20220407 01:20:49.615" endtime="20220407 01:20:50.086"/>
</kw>
<status status="PASS" starttime="20220407 01:20:45.273" endtime="20220407 01:20:50.086"/>
</kw>
<status status="PASS" starttime="20220407 01:20:44.271" endtime="20220407 01:20:50.087"/>
</kw>
<kw name="Click Next Button" library="GmailKeywords">
<kw name="Click Button" library="AppiumLibrary">
<arg>Next</arg>
<doc>Click button</doc>
<msg timestamp="20220407 01:20:50.716" level="INFO">'Next'.</msg>
<msg timestamp="20220407 01:20:50.767" level="INFO">Clicking element 'Next'.</msg>
<status status="PASS" starttime="20220407 01:20:50.088" endtime="20220407 01:20:50.865"/>
</kw>
<status status="PASS" starttime="20220407 01:20:50.087" endtime="20220407 01:20:50.865"/>
</kw>
<kw name="Click I Agree Button" library="GmailKeywords">
<kw name="Wait For Transition" library="GmailKeywords">
<doc>Created this keyword just for hard waiting. Actually this keyword should have some explicit wait logics.Alhough hard sleep is not preferred,I have created it due to time constraints.</doc>
<kw name="Sleep" library="BuiltIn">
<arg>${maxWait}</arg>
<doc>Pauses the test executed for the given time.</doc>
<msg timestamp="20220407 01:20:55.870" level="INFO">Slept 5 seconds</msg>
<status status="PASS" starttime="20220407 01:20:50.868" endtime="20220407 01:20:55.870"/>
</kw>
<status status="PASS" starttime="20220407 01:20:50.867" endtime="20220407 01:20:55.871"/>
</kw>
<kw name="Click Button" library="AppiumLibrary">
<arg>I agree</arg>
<doc>Click button</doc>
<msg timestamp="20220407 01:20:55.939" level="INFO">'Google Terms of Service'.</msg>
<msg timestamp="20220407 01:20:55.966" level="INFO">'Google Play Terms of Service'.</msg>
<msg timestamp="20220407 01:20:55.994" level="INFO">'Privacy Policy'.</msg>
<msg timestamp="20220407 01:20:56.022" level="INFO">'I agree'.</msg>
<msg timestamp="20220407 01:20:56.051" level="INFO">Clicking element 'I agree'.</msg>
<status status="PASS" starttime="20220407 01:20:55.871" endtime="20220407 01:20:56.105"/>
</kw>
<status status="PASS" starttime="20220407 01:20:50.866" endtime="20220407 01:20:56.105"/>
</kw>
<kw name="Click More Button" library="GmailKeywords">
<kw name="Wait For Transition" library="GmailKeywords">
<arg>10</arg>
<doc>Created this keyword just for hard waiting. Actually this keyword should have some explicit wait logics.Alhough hard sleep is not preferred,I have created it due to time constraints.</doc>
<kw name="Sleep" library="BuiltIn">
<arg>${maxWait}</arg>
<doc>Pauses the test executed for the given time.</doc>
<msg timestamp="20220407 01:21:06.107" level="INFO">Slept 10 seconds</msg>
<status status="PASS" starttime="20220407 01:20:56.106" endtime="20220407 01:21:06.107"/>
</kw>
<status status="PASS" starttime="20220407 01:20:56.105" endtime="20220407 01:21:06.107"/>
</kw>
<kw name="Click Button" library="AppiumLibrary">
<arg>MORE</arg>
<doc>Click button</doc>
<msg timestamp="20220407 01:21:06.167" level="INFO">'MORE'.</msg>
<msg timestamp="20220407 01:21:06.203" level="INFO">Clicking element 'MORE'.</msg>
<status status="PASS" starttime="20220407 01:21:06.107" endtime="20220407 01:21:06.265"/>
</kw>
<status status="PASS" starttime="20220407 01:20:56.105" endtime="20220407 01:21:06.265"/>
</kw>
<kw name="Click Accept Button" library="GmailKeywords">
<kw name="Wait For Transition" library="GmailKeywords">
<doc>Created this keyword just for hard waiting. Actually this keyword should have some explicit wait logics.Alhough hard sleep is not preferred,I have created it due to time constraints.</doc>
<kw name="Sleep" library="BuiltIn">
<arg>${maxWait}</arg>
<doc>Pauses the test executed for the given time.</doc>
<msg timestamp="20220407 01:21:11.269" level="INFO">Slept 5 seconds</msg>
<status status="PASS" starttime="20220407 01:21:06.268" endtime="20220407 01:21:11.269"/>
</kw>
<status status="PASS" starttime="20220407 01:21:06.267" endtime="20220407 01:21:11.269"/>
</kw>
<kw name="Click Button" library="AppiumLibrary">
<arg>ACCEPT</arg>
<doc>Click button</doc>
<msg timestamp="20220407 01:21:11.312" level="INFO">'ACCEPT'.</msg>
<msg timestamp="20220407 01:21:11.345" level="INFO">Clicking element 'ACCEPT'.</msg>
<status status="PASS" starttime="20220407 01:21:11.269" endtime="20220407 01:21:11.396"/>
</kw>
<kw name="Wait For Transition" library="GmailKeywords">
<arg>10</arg>
<doc>Created this keyword just for hard waiting. Actually this keyword should have some explicit wait logics.Alhough hard sleep is not preferred,I have created it due to time constraints.</doc>
<kw name="Sleep" library="BuiltIn">
<arg>${maxWait}</arg>
<doc>Pauses the test executed for the given time.</doc>
<msg timestamp="20220407 01:21:21.397" level="INFO">Slept 10 seconds</msg>
<status status="PASS" starttime="20220407 01:21:11.397" endtime="20220407 01:21:21.397"/>
</kw>
<status status="PASS" starttime="20220407 01:21:11.396" endtime="20220407 01:21:21.398"/>
</kw>
<status status="PASS" starttime="20220407 01:21:06.266" endtime="20220407 01:21:21.398"/>
</kw>
<status status="PASS" starttime="20220407 01:20:21.736" endtime="20220407 01:21:21.399"/>
</test>
<test id="s1-t2" name="Open Gmail For Sending Email">
<kw name="Open Gmail Application" library="GmailKeywords">
<arg>${gmailAccountAccessActivity}</arg>
<doc>Keyword to open gmail application with given app activity.</doc>
<kw name="Open Application" library="AppiumLibrary">
<arg>http://0.0.0.0:4723/wd/hub</arg>
<arg>platformName=Android</arg>
<arg>platformVersion=11</arg>
<arg>deviceName=emulator-5554</arg>
<arg>appPackage=com.google.android.gm</arg>
<arg>appActivity=${appActivity}</arg>
<doc>Opens a new application to given Appium server.
Capabilities of appium server, Android and iOS,
Please check https://github.com/appium/appium/blob/master/docs/en/writing-running-appium/server-args.md
| *Option*            | *Man.* | *Description*     |
| remote_url          | Yes    | Appium server url |
| alias               | no     | alias             |</doc>
<status status="PASS" starttime="20220407 01:21:21.401" endtime="20220407 01:21:32.305"/>
</kw>
<status status="PASS" starttime="20220407 01:21:21.400" endtime="20220407 01:21:32.306"/>
</kw>
<kw name="Click Button Got It" library="GmailKeywords">
<kw name="Wait And Click Element" library="GmailKeywords">
<arg>${gotItBtn}</arg>
<kw name="Wait Until Element Is Visible" library="AppiumLibrary">
<arg>${locator}</arg>
<arg>15</arg>
<arg>Element with locator:${locator} is not visible till 15 seconds.</arg>
<doc>Waits until element specified with `locator` is visible.</doc>
<status status="PASS" starttime="20220407 01:21:32.309" endtime="20220407 01:21:33.858"/>
</kw>
<kw name="Click Element" library="AppiumLibrary">
<arg>${locator}</arg>
<doc>Click element identified by `locator`.</doc>
<msg timestamp="20220407 01:21:33.860" level="INFO">Clicking element '//*[contains(@resource-id,'welcome_tour_got_it')]'.</msg>
<status status="PASS" starttime="20220407 01:21:33.858" endtime="20220407 01:21:34.010"/>
</kw>
<status status="PASS" starttime="20220407 01:21:32.308" endtime="20220407 01:21:34.010"/>
</kw>
<status status="PASS" starttime="20220407 01:21:32.307" endtime="20220407 01:21:34.011"/>
</kw>
<kw name="Click Button Take Me To Gmail" library="GmailKeywords">
<kw name="Wait For Transition" library="GmailKeywords">
<arg>3</arg>
<doc>Created this keyword just for hard waiting. Actually this keyword should have some explicit wait logics.Alhough hard sleep is not preferred,I have created it due to time constraints.</doc>
<kw name="Sleep" library="BuiltIn">
<arg>${maxWait}</arg>
<doc>Pauses the test executed for the given time.</doc>
<msg timestamp="20220407 01:21:37.013" level="INFO">Slept 3 seconds</msg>
<status status="PASS" starttime="20220407 01:21:34.012" endtime="20220407 01:21:37.013"/>
</kw>
<status status="PASS" starttime="20220407 01:21:34.011" endtime="20220407 01:21:37.013"/>
</kw>
<kw name="Wait And Click Element" library="GmailKeywords">
<arg>${takeMeToGmailBtn}</arg>
<kw name="Wait Until Element Is Visible" library="AppiumLibrary">
<arg>${locator}</arg>
<arg>15</arg>
<arg>Element with locator:${locator} is not visible till 15 seconds.</arg>
<doc>Waits until element specified with `locator` is visible.</doc>
<status status="PASS" starttime="20220407 01:21:37.014" endtime="20220407 01:21:37.260"/>
</kw>
<kw name="Click Element" library="AppiumLibrary">
<arg>${locator}</arg>
<doc>Click element identified by `locator`.</doc>
<msg timestamp="20220407 01:21:37.263" level="INFO">Clicking element '//*[contains(@resource-id,'action_done')]'.</msg>
<status status="PASS" starttime="20220407 01:21:37.261" endtime="20220407 01:21:37.562"/>
</kw>
<status status="PASS" starttime="20220407 01:21:37.013" endtime="20220407 01:21:37.563"/>
</kw>
<status status="PASS" starttime="20220407 01:21:34.011" endtime="20220407 01:21:37.563"/>
</kw>
<status status="PASS" starttime="20220407 01:21:21.399" endtime="20220407 01:21:37.563"/>
</test>
<test id="s1-t3" name="Compose And Send Email">
<kw name="Click On Compose Button" library="GmailKeywords">
<kw name="Wait And Click Element" library="GmailKeywords">
<arg>${composeBtn}</arg>
<kw name="Wait Until Element Is Visible" library="AppiumLibrary">
<arg>${locator}</arg>
<arg>15</arg>
<arg>Element with locator:${locator} is not visible till 15 seconds.</arg>
<doc>Waits until element specified with `locator` is visible.</doc>
<status status="PASS" starttime="20220407 01:21:37.566" endtime="20220407 01:21:39.715"/>
</kw>
<kw name="Click Element" library="AppiumLibrary">
<arg>${locator}</arg>
<doc>Click element identified by `locator`.</doc>
<msg timestamp="20220407 01:21:39.718" level="INFO">Clicking element '//*[contains(@resource-id,'compose_button')]'.</msg>
<status status="PASS" starttime="20220407 01:21:39.715" endtime="20220407 01:21:39.895"/>
</kw>
<status status="PASS" starttime="20220407 01:21:37.565" endtime="20220407 01:21:39.896"/>
</kw>
<status status="PASS" starttime="20220407 01:21:37.564" endtime="20220407 01:21:39.896"/>
</kw>
<kw name="Click Ok Pop Up Button If Appeared" library="GmailKeywords">
<kw name="Wait For Transition" library="GmailKeywords">
<arg>5</arg>
<doc>Created this keyword just for hard waiting. Actually this keyword should have some explicit wait logics.Alhough hard sleep is not preferred,I have created it due to time constraints.</doc>
<kw name="Sleep" library="BuiltIn">
<arg>${maxWait}</arg>
<doc>Pauses the test executed for the given time.</doc>
<msg timestamp="20220407 01:21:44.898" level="INFO">Slept 5 seconds</msg>
<status status="PASS" starttime="20220407 01:21:39.897" endtime="20220407 01:21:44.898"/>
</kw>
<status status="PASS" starttime="20220407 01:21:39.896" endtime="20220407 01:21:44.899"/>
</kw>
<kw name="Run Keyword And Ignore Error" library="BuiltIn">
<arg>Click Element</arg>
<arg>${popUpBtn}</arg>
<doc>Runs the given keyword with the given arguments and ignores possible error.</doc>
<kw name="Click Element" library="AppiumLibrary">
<arg>${popUpBtn}</arg>
<doc>Click element identified by `locator`.</doc>
<msg timestamp="20220407 01:21:44.906" level="INFO">Clicking element '//*[contains(@resource-id,'button1')]'.</msg>
<status status="PASS" starttime="20220407 01:21:44.900" endtime="20220407 01:21:45.046"/>
</kw>
<status status="PASS" starttime="20220407 01:21:44.899" endtime="20220407 01:21:45.047"/>
</kw>
<kw name="Wait For Transition" library="GmailKeywords">
<arg>2</arg>
<doc>Created this keyword just for hard waiting. Actually this keyword should have some explicit wait logics.Alhough hard sleep is not preferred,I have created it due to time constraints.</doc>
<kw name="Sleep" library="BuiltIn">
<arg>${maxWait}</arg>
<doc>Pauses the test executed for the given time.</doc>
<msg timestamp="20220407 01:21:47.048" level="INFO">Slept 2 seconds</msg>
<status status="PASS" starttime="20220407 01:21:45.048" endtime="20220407 01:21:47.048"/>
</kw>
<status status="PASS" starttime="20220407 01:21:45.047" endtime="20220407 01:21:47.049"/>
</kw>
<status status="PASS" starttime="20220407 01:21:39.896" endtime="20220407 01:21:47.049"/>
</kw>
<kw name="Input Email Receiver" library="GmailKeywords">
<arg>${receiver}</arg>
<kw name="Input Text" library="AppiumLibrary">
<arg>${toLocator}</arg>
<arg>${email}</arg>
<doc>Types the given `text` into text field identified by `locator`.</doc>
<msg timestamp="20220407 01:21:47.056" level="INFO">Typing text 'mytestt90@gmail.com' into text field 'id=com.google.android.gm:id/to'</msg>
<status status="PASS" starttime="20220407 01:21:47.051" endtime="20220407 01:21:47.992"/>
</kw>
<kw name="Sleep" library="BuiltIn">
<arg>1</arg>
<doc>Pauses the test executed for the given time.</doc>
<msg timestamp="20220407 01:21:48.995" level="INFO">Slept 1 second</msg>
<status status="PASS" starttime="20220407 01:21:47.992" endtime="20220407 01:21:48.995"/>
</kw>
<status status="PASS" starttime="20220407 01:21:47.050" endtime="20220407 01:21:48.995"/>
</kw>
<kw name="Input Email Subject" library="GmailKeywords">
<arg>${subject}</arg>
<kw name="Input Text" library="AppiumLibrary">
<arg>${subjectLocator}</arg>
<arg>${subject}</arg>
<doc>Types the given `text` into text field identified by `locator`.</doc>
<msg timestamp="20220407 01:21:49.000" level="INFO">Typing text 'Automation Test' into text field 'id=com.google.android.gm:id/subject'</msg>
<status status="PASS" starttime="20220407 01:21:48.996" endtime="20220407 01:21:49.209"/>
</kw>
<kw name="Sleep" library="BuiltIn">
<arg>1</arg>
<doc>Pauses the test executed for the given time.</doc>
<msg timestamp="20220407 01:21:50.210" level="INFO">Slept 1 second</msg>
<status status="PASS" starttime="20220407 01:21:49.210" endtime="20220407 01:21:50.211"/>
</kw>
<status status="PASS" starttime="20220407 01:21:48.996" endtime="20220407 01:21:50.211"/>
</kw>
<kw name="Input Email Content" library="GmailKeywords">
<arg>${content}</arg>
<kw name="Input Text" library="AppiumLibrary">
<arg>${bodyLocator}</arg>
<arg>${content}</arg>
<doc>Types the given `text` into text field identified by `locator`.</doc>
<msg timestamp="20220407 01:21:50.217" level="INFO">Typing text 'Hello,
This is automation test message.Please ignore it.
Thank you.' into text field '//*[@text='Compose email']'</msg>
<status status="PASS" starttime="20220407 01:21:50.212" endtime="20220407 01:21:50.648"/>
</kw>
<kw name="Sleep" library="BuiltIn">
<arg>1</arg>
<doc>Pauses the test executed for the given time.</doc>
<msg timestamp="20220407 01:21:51.650" level="INFO">Slept 1 second</msg>
<status status="PASS" starttime="20220407 01:21:50.648" endtime="20220407 01:21:51.650"/>
</kw>
<status status="PASS" starttime="20220407 01:21:50.211" endtime="20220407 01:21:51.650"/>
</kw>
<kw name="Click Send Email Button" library="GmailKeywords">
<kw name="Click Element" library="AppiumLibrary">
<arg>${sendBtn}</arg>
<doc>Click element identified by `locator`.</doc>
<msg timestamp="20220407 01:21:51.654" level="INFO">Clicking element 'id=com.google.android.gm:id/send'.</msg>
<status status="PASS" starttime="20220407 01:21:51.651" endtime="20220407 01:21:51.825"/>
</kw>
<kw name="Wait For Transition" library="GmailKeywords">
<doc>Created this keyword just for hard waiting. Actually this keyword should have some explicit wait logics.Alhough hard sleep is not preferred,I have created it due to time constraints.</doc>
<kw name="Sleep" library="BuiltIn">
<arg>${maxWait}</arg>
<doc>Pauses the test executed for the given time.</doc>
<msg timestamp="20220407 01:21:56.828" level="INFO">Slept 5 seconds</msg>
<status status="PASS" starttime="20220407 01:21:51.825" endtime="20220407 01:21:56.828"/>
</kw>
<status status="PASS" starttime="20220407 01:21:51.825" endtime="20220407 01:21:56.829"/>
</kw>
<status status="PASS" starttime="20220407 01:21:51.650" endtime="20220407 01:21:56.829"/>
</kw>
<status status="PASS" starttime="20220407 01:21:37.563" endtime="20220407 01:21:56.830"/>
</test>
<test id="s1-t4" name="Verify Email Is Sent">
<kw name="Open Navigation Drawer" library="GmailKeywords">
<kw name="Wait And Click Element" library="GmailKeywords">
<arg>${expandMenuBtn}</arg>
<kw name="Wait Until Element Is Visible" library="AppiumLibrary">
<arg>${locator}</arg>
<arg>15</arg>
<arg>Element with locator:${locator} is not visible till 15 seconds.</arg>
<doc>Waits until element specified with `locator` is visible.</doc>
<status status="PASS" starttime="20220407 01:21:56.833" endtime="20220407 01:21:57.508"/>
</kw>
<kw name="Click Element" library="AppiumLibrary">
<arg>${locator}</arg>
<doc>Click element identified by `locator`.</doc>
<msg timestamp="20220407 01:21:57.511" level="INFO">Clicking element 'xpath=//android.widget.ImageButton[@content-desc="Open navigation drawer"]'.</msg>
<status status="PASS" starttime="20220407 01:21:57.509" endtime="20220407 01:21:59.366"/>
</kw>
<status status="PASS" starttime="20220407 01:21:56.832" endtime="20220407 01:21:59.366"/>
</kw>
<kw name="Wait For Transition" library="GmailKeywords">
<arg>2</arg>
<doc>Created this keyword just for hard waiting. Actually this keyword should have some explicit wait logics.Alhough hard sleep is not preferred,I have created it due to time constraints.</doc>
<kw name="Sleep" library="BuiltIn">
<arg>${maxWait}</arg>
<doc>Pauses the test executed for the given time.</doc>
<msg timestamp="20220407 01:22:01.368" level="INFO">Slept 2 seconds</msg>
<status status="PASS" starttime="20220407 01:21:59.367" endtime="20220407 01:22:01.368"/>
</kw>
<status status="PASS" starttime="20220407 01:21:59.366" endtime="20220407 01:22:01.368"/>
</kw>
<status status="PASS" starttime="20220407 01:21:56.832" endtime="20220407 01:22:01.369"/>
</kw>
<kw name="Open Sent Box" library="GmailKeywords">
<kw name="Click Element" library="AppiumLibrary">
<arg>${sentBoxBtn}</arg>
<doc>Click element identified by `locator`.</doc>
<msg timestamp="20220407 01:22:01.374" level="INFO">Clicking element '//*[@text='Sent']'.</msg>
<status status="PASS" starttime="20220407 01:22:01.369" endtime="20220407 01:22:04.250"/>
</kw>
<kw name="Wait For Transition" library="GmailKeywords">
<doc>Created this keyword just for hard waiting. Actually this keyword should have some explicit wait logics.Alhough hard sleep is not preferred,I have created it due to time constraints.</doc>
<kw name="Sleep" library="BuiltIn">
<arg>${maxWait}</arg>
<doc>Pauses the test executed for the given time.</doc>
<msg timestamp="20220407 01:22:09.252" level="INFO">Slept 5 seconds</msg>
<status status="PASS" starttime="20220407 01:22:04.250" endtime="20220407 01:22:09.252"/>
</kw>
<status status="PASS" starttime="20220407 01:22:04.250" endtime="20220407 01:22:09.253"/>
</kw>
<status status="PASS" starttime="20220407 01:22:01.369" endtime="20220407 01:22:09.253"/>
</kw>
<kw name="Verify Email Exists In SentBox" library="GmailKeywords">
<arg>${subject}</arg>
<kw name="Wait Until Element Is Visible" library="AppiumLibrary">
<arg>xpath=//android.widget.TextView[contains(@text,'${emailSubject}')]</arg>
<arg>10</arg>
<arg>Email with subject:${emailSubject} doesn't exist in sent box.</arg>
<doc>Waits until element specified with `locator` is visible.</doc>
<status status="PASS" starttime="20220407 01:22:09.254" endtime="20220407 01:22:09.413"/>
</kw>
<status status="PASS" starttime="20220407 01:22:09.253" endtime="20220407 01:22:09.413"/>
</kw>
<status status="PASS" starttime="20220407 01:21:56.831" endtime="20220407 01:22:09.413"/>
</test>
<kw name="Close Application" library="AppiumLibrary" type="TEARDOWN">
<doc>Closes the current application and also close webdriver session.</doc>
<status status="PASS" starttime="20220407 01:22:09.414" endtime="20220407 01:22:09.960"/>
</kw>
<status status="PASS" starttime="20220407 01:20:21.477" endtime="20220407 01:22:09.960"/>
</suite>
<statistics>
<total>
<stat pass="4" fail="0" skip="0">All Tests</stat>
</total>
<tag>
</tag>
<suite>
<stat pass="4" fail="0" skip="0" id="s1" name="GmailLogin">GmailLogin</stat>
</suite>
</statistics>
<errors>
</errors>
</robot>
